  Bezier.cpp
c:\users\michael\documents\visual studio 2015\projects\opengl\voronoi\bezier\bezier.cpp(134): warning C4018: '<': signed/unsigned mismatch
c:\users\michael\documents\visual studio 2015\projects\opengl\voronoi\bezier\bezier.cpp(143): warning C4018: '<': signed/unsigned mismatch
c:\users\michael\documents\visual studio 2015\projects\opengl\voronoi\bezier\bezier.cpp(156): warning C4018: '<': signed/unsigned mismatch
c:\users\michael\documents\visual studio 2015\projects\opengl\voronoi\bezier\bezier.cpp(166): warning C4018: '<': signed/unsigned mismatch
c:\users\michael\documents\visual studio 2015\projects\opengl\voronoi\bezier\bezier.cpp(189): warning C4018: '<': signed/unsigned mismatch
c:\users\michael\documents\visual studio 2015\projects\opengl\voronoi\bezier\bezier.cpp(196): warning C4018: '<=': signed/unsigned mismatch
c:\users\michael\documents\visual studio 2015\projects\opengl\voronoi\bezier\bezier.cpp(198): warning C4018: '<=': signed/unsigned mismatch
c:\users\michael\documents\visual studio 2015\projects\opengl\voronoi\bezier\bezier.cpp(218): warning C4018: '<': signed/unsigned mismatch
c:\users\michael\documents\visual studio 2015\projects\opengl\voronoi\bezier\bezier.cpp(230): warning C4018: '<': signed/unsigned mismatch
c:\users\michael\documents\visual studio 2015\projects\opengl\voronoi\bezier\bezier.cpp(341): warning C4018: '<': signed/unsigned mismatch
c:\users\michael\documents\visual studio 2015\projects\opengl\voronoi\bezier\bezier.cpp(343): warning C4305: '*=': truncation from 'double' to 'float'
c:\users\michael\documents\visual studio 2015\projects\opengl\voronoi\bezier\bezier.cpp(344): warning C4305: '*=': truncation from 'double' to 'float'
c:\users\michael\documents\visual studio 2015\projects\opengl\voronoi\bezier\bezier.cpp(346): warning C4018: '<': signed/unsigned mismatch
c:\users\michael\documents\visual studio 2015\projects\opengl\voronoi\bezier\bezier.cpp(348): warning C4305: '*=': truncation from 'double' to 'float'
c:\users\michael\documents\visual studio 2015\projects\opengl\voronoi\bezier\bezier.cpp(349): warning C4305: '*=': truncation from 'double' to 'float'
c:\users\michael\documents\visual studio 2015\projects\opengl\voronoi\bezier\bezier.cpp(355): warning C4018: '<': signed/unsigned mismatch
c:\users\michael\documents\visual studio 2015\projects\opengl\voronoi\bezier\bezier.cpp(357): warning C4305: '/=': truncation from 'double' to 'float'
c:\users\michael\documents\visual studio 2015\projects\opengl\voronoi\bezier\bezier.cpp(358): warning C4305: '/=': truncation from 'double' to 'float'
c:\users\michael\documents\visual studio 2015\projects\opengl\voronoi\bezier\bezier.cpp(360): warning C4018: '<': signed/unsigned mismatch
c:\users\michael\documents\visual studio 2015\projects\opengl\voronoi\bezier\bezier.cpp(362): warning C4305: '/=': truncation from 'double' to 'float'
c:\users\michael\documents\visual studio 2015\projects\opengl\voronoi\bezier\bezier.cpp(363): warning C4305: '/=': truncation from 'double' to 'float'
c:\users\michael\documents\visual studio 2015\projects\opengl\voronoi\bezier\bezier.cpp(654): warning C4018: '<': signed/unsigned mismatch
c:\users\michael\documents\visual studio 2015\projects\opengl\voronoi\bezier\bezier.cpp(659): warning C4018: '<': signed/unsigned mismatch
c:\users\michael\documents\visual studio 2015\projects\opengl\voronoi\bezier\bezier.cpp(686): warning C4018: '<': signed/unsigned mismatch
c:\users\michael\documents\visual studio 2015\projects\opengl\voronoi\bezier\bezier.cpp(692): warning C4018: '<': signed/unsigned mismatch
c:\users\michael\documents\visual studio 2015\projects\opengl\voronoi\bezier\bezier.cpp(700): warning C4244: 'initializing': conversion from 'double' to 'float', possible loss of data
c:\users\michael\documents\visual studio 2015\projects\opengl\voronoi\bezier\bezier.cpp(701): warning C4018: '<': signed/unsigned mismatch
c:\users\michael\documents\visual studio 2015\projects\opengl\voronoi\bezier\bezier.cpp(712): warning C4018: '<': signed/unsigned mismatch
c:\users\michael\documents\visual studio 2015\projects\opengl\voronoi\bezier\bezier.cpp(735): warning C4018: '<': signed/unsigned mismatch
c:\users\michael\documents\visual studio 2015\projects\opengl\voronoi\bezier\bezier.cpp(747): warning C4018: '<': signed/unsigned mismatch
c:\users\michael\documents\visual studio 2015\projects\opengl\voronoi\bezier\bezier.cpp(771): warning C4018: '<': signed/unsigned mismatch
c:\users\michael\documents\visual studio 2015\projects\opengl\voronoi\bezier\bezier.cpp(778): warning C4018: '<=': signed/unsigned mismatch
c:\users\michael\documents\visual studio 2015\projects\opengl\voronoi\bezier\bezier.cpp(780): warning C4018: '<=': signed/unsigned mismatch
c:\users\michael\documents\visual studio 2015\projects\opengl\voronoi\bezier\bezier.cpp(852): warning C4018: '<': signed/unsigned mismatch
c:\users\michael\documents\visual studio 2015\projects\opengl\voronoi\bezier\bezier.cpp(858): warning C4018: '<': signed/unsigned mismatch
  Bezier.vcxproj -> C:\Users\Michael\Documents\Visual Studio 2015\Projects\OpenGL\Debug\Bezier.exe
  Bezier.vcxproj -> C:\Users\Michael\Documents\Visual Studio 2015\Projects\OpenGL\Debug\Bezier.pdb (Full PDB)
