  Triangulation.cpp
c:\users\maxim\desktop\esgi\5a\maths pour l'info\voronoi\triangulation\triangulation.cpp(138): warning C4305: 'initializing': truncation from 'double' to 'float'
c:\users\maxim\desktop\esgi\5a\maths pour l'info\voronoi\triangulation\triangulation.cpp(237): warning C4018: '<': signed/unsigned mismatch
c:\users\maxim\desktop\esgi\5a\maths pour l'info\voronoi\triangulation\triangulation.cpp(247): warning C4018: '<': signed/unsigned mismatch
c:\users\maxim\desktop\esgi\5a\maths pour l'info\voronoi\triangulation\triangulation.cpp(261): warning C4018: '<': signed/unsigned mismatch
c:\users\maxim\desktop\esgi\5a\maths pour l'info\voronoi\triangulation\triangulation.cpp(263): warning C4018: '<': signed/unsigned mismatch
c:\users\maxim\desktop\esgi\5a\maths pour l'info\voronoi\triangulation\triangulation.cpp(296): warning C4018: '<': signed/unsigned mismatch
c:\users\maxim\desktop\esgi\5a\maths pour l'info\voronoi\triangulation\triangulation.cpp(325): warning C4018: '<': signed/unsigned mismatch
c:\users\maxim\desktop\esgi\5a\maths pour l'info\voronoi\triangulation\triangulation.cpp(478): warning C4018: '<': signed/unsigned mismatch
c:\users\maxim\desktop\esgi\5a\maths pour l'info\voronoi\triangulation\triangulation.cpp(536): warning C4018: '<': signed/unsigned mismatch
c:\users\maxim\desktop\esgi\5a\maths pour l'info\voronoi\triangulation\triangulation.cpp(545): warning C4018: '<': signed/unsigned mismatch
c:\users\maxim\desktop\esgi\5a\maths pour l'info\voronoi\triangulation\triangulation.cpp(521): warning C4101: 'dref': unreferenced local variable
c:\users\maxim\desktop\esgi\5a\maths pour l'info\voronoi\triangulation\triangulation.cpp(522): warning C4101: 'tref': unreferenced local variable
c:\users\maxim\desktop\esgi\5a\maths pour l'info\voronoi\triangulation\triangulation.cpp(521): warning C4101: 'd': unreferenced local variable
c:\users\maxim\desktop\esgi\5a\maths pour l'info\voronoi\triangulation\triangulation.cpp(603): warning C4018: '<': signed/unsigned mismatch
c:\users\maxim\desktop\esgi\5a\maths pour l'info\voronoi\triangulation\triangulation.cpp(730): warning C4018: '<': signed/unsigned mismatch
c:\users\maxim\desktop\esgi\5a\maths pour l'info\voronoi\triangulation\triangulation.cpp(738): warning C4018: '<': signed/unsigned mismatch
c:\users\maxim\desktop\esgi\5a\maths pour l'info\voronoi\triangulation\triangulation.cpp(772): warning C4018: '<': signed/unsigned mismatch
c:\users\maxim\desktop\esgi\5a\maths pour l'info\voronoi\triangulation\triangulation.cpp(776): warning C4018: '<': signed/unsigned mismatch
c:\users\maxim\desktop\esgi\5a\maths pour l'info\voronoi\triangulation\triangulation.cpp(829): warning C4018: '<': signed/unsigned mismatch
c:\users\maxim\desktop\esgi\5a\maths pour l'info\voronoi\triangulation\triangulation.cpp(849): warning C4018: '<': signed/unsigned mismatch
c:\users\maxim\desktop\esgi\5a\maths pour l'info\voronoi\triangulation\triangulation.cpp(855): warning C4018: '<': signed/unsigned mismatch
c:\users\maxim\desktop\esgi\5a\maths pour l'info\voronoi\triangulation\triangulation.cpp(887): warning C4018: '<': signed/unsigned mismatch
c:\users\maxim\desktop\esgi\5a\maths pour l'info\voronoi\triangulation\triangulation.cpp(998): warning C4018: '<': signed/unsigned mismatch
c:\users\maxim\desktop\esgi\5a\maths pour l'info\voronoi\triangulation\triangulation.cpp(1059): warning C4018: '<': signed/unsigned mismatch
c:\users\maxim\desktop\esgi\5a\maths pour l'info\voronoi\triangulation\triangulation.cpp(1088): warning C4018: '<': signed/unsigned mismatch
c:\users\maxim\desktop\esgi\5a\maths pour l'info\voronoi\triangulation\triangulation.cpp(1093): warning C4018: '<': signed/unsigned mismatch
c:\users\maxim\desktop\esgi\5a\maths pour l'info\voronoi\triangulation\triangulation.cpp(1098): warning C4101: 'exists': unreferenced local variable
c:\users\maxim\desktop\esgi\5a\maths pour l'info\voronoi\triangulation\triangulation.cpp(1335): warning C4244: 'return': conversion from 'double' to 'float', possible loss of data
c:\users\maxim\desktop\esgi\5a\maths pour l'info\voronoi\triangulation\triangulation.cpp(1346): warning C4101: 'rc': unreferenced local variable
c:\users\maxim\desktop\esgi\5a\maths pour l'info\voronoi\triangulation\triangulation.cpp(1345): warning C4101: 'c': unreferenced local variable
c:\users\maxim\desktop\esgi\5a\maths pour l'info\voronoi\triangulation\triangulation.cpp(1499): warning C4244: '=': conversion from 'int' to 'float', possible loss of data
c:\users\maxim\desktop\esgi\5a\maths pour l'info\voronoi\triangulation\triangulation.cpp(1505): warning C4244: '=': conversion from 'int' to 'float', possible loss of data
c:\users\maxim\desktop\esgi\5a\maths pour l'info\voronoi\triangulation\triangulation.cpp(1511): warning C4244: '=': conversion from 'int' to 'float', possible loss of data
c:\users\maxim\desktop\esgi\5a\maths pour l'info\voronoi\triangulation\triangulation.cpp(1516): warning C4244: '=': conversion from 'int' to 'float', possible loss of data
c:\users\maxim\desktop\esgi\5a\maths pour l'info\voronoi\triangulation\triangulation.cpp(1532): warning C4244: '=': conversion from 'int' to 'float', possible loss of data
c:\users\maxim\desktop\esgi\5a\maths pour l'info\voronoi\triangulation\triangulation.cpp(1538): warning C4244: '=': conversion from 'int' to 'float', possible loss of data
c:\users\maxim\desktop\esgi\5a\maths pour l'info\voronoi\triangulation\triangulation.cpp(1544): warning C4244: '=': conversion from 'int' to 'float', possible loss of data
c:\users\maxim\desktop\esgi\5a\maths pour l'info\voronoi\triangulation\triangulation.cpp(1549): warning C4244: '=': conversion from 'int' to 'float', possible loss of data
c:\users\maxim\desktop\esgi\5a\maths pour l'info\voronoi\triangulation\triangulation.cpp(1565): warning C4244: '=': conversion from 'int' to 'float', possible loss of data
c:\users\maxim\desktop\esgi\5a\maths pour l'info\voronoi\triangulation\triangulation.cpp(1571): warning C4244: '=': conversion from 'int' to 'float', possible loss of data
c:\users\maxim\desktop\esgi\5a\maths pour l'info\voronoi\triangulation\triangulation.cpp(1577): warning C4244: '=': conversion from 'int' to 'float', possible loss of data
c:\users\maxim\desktop\esgi\5a\maths pour l'info\voronoi\triangulation\triangulation.cpp(1582): warning C4244: '=': conversion from 'int' to 'float', possible loss of data
c:\users\maxim\desktop\esgi\5a\maths pour l'info\voronoi\triangulation\triangulation.cpp(1602): warning C4018: '<': signed/unsigned mismatch
c:\users\maxim\desktop\esgi\5a\maths pour l'info\voronoi\triangulation\triangulation.cpp(1647): warning C4244: '=': conversion from 'int' to 'float', possible loss of data
c:\users\maxim\desktop\esgi\5a\maths pour l'info\voronoi\triangulation\triangulation.cpp(1652): warning C4244: '=': conversion from 'int' to 'float', possible loss of data
c:\users\maxim\desktop\esgi\5a\maths pour l'info\voronoi\triangulation\triangulation.cpp(1671): warning C4018: '<': signed/unsigned mismatch
c:\users\maxim\desktop\esgi\5a\maths pour l'info\voronoi\triangulation\triangulation.cpp(1718): warning C4305: '+=': truncation from 'double' to 'float'
c:\users\maxim\desktop\esgi\5a\maths pour l'info\voronoi\triangulation\triangulation.cpp(1731): warning C4018: '<': signed/unsigned mismatch
c:\users\maxim\desktop\esgi\5a\maths pour l'info\voronoi\triangulation\triangulation.cpp(1763): warning C4018: '<': signed/unsigned mismatch
c:\users\maxim\desktop\esgi\5a\maths pour l'info\voronoi\triangulation\triangulation.cpp(1765): warning C4018: '<': signed/unsigned mismatch
c:\users\maxim\desktop\esgi\5a\maths pour l'info\voronoi\triangulation\triangulation.cpp(1791): warning C4018: '<': signed/unsigned mismatch
  Triangulation.vcxproj -> C:\Users\maxim\Desktop\ESGI\5A\Maths pour l'info\Voronoi\Triangulation\Debug\Triangulation.exe
