C:\Program Files (x86)\MSBuild\Microsoft.Cpp\v4.0\V140\Microsoft.CppBuild.targets(392,5): warning MSB8028: The intermediate directory (Debug\) contains files shared from another project (EnvInc3D.vcxproj).  This can lead to incorrect clean and rebuild behavior.
  main.cpp
c:\users\michael\documents\visual studio 2015\projects\opengl\voronoi\voronoi3d\voronoi3d\camera.hpp(22): warning C4244: 'initializing': conversion from 'float' to 'int', possible loss of data
c:\users\michael\documents\visual studio 2015\projects\opengl\voronoi\voronoi3d\voronoi3d\camera.hpp(23): warning C4244: 'initializing': conversion from 'float' to 'int', possible loss of data
c:\users\michael\documents\visual studio 2015\projects\opengl\voronoi\voronoi3d\voronoi3d\controller.hpp(15): warning C4244: 'return': conversion from 'double' to 'float', possible loss of data
c:\users\michael\documents\visual studio 2015\projects\opengl\voronoi\voronoi3d\voronoi3d\controller.hpp(19): warning C4244: 'return': conversion from 'double' to 'float', possible loss of data
c:\users\michael\documents\visual studio 2015\projects\opengl\voronoi\voronoi3d\voronoi3d\point.hpp(51): warning C4018: '<': signed/unsigned mismatch
c:\users\michael\documents\visual studio 2015\projects\opengl\voronoi\voronoi3d\voronoi3d\point.hpp(88): warning C4018: '<': signed/unsigned mismatch
c:\users\michael\documents\visual studio 2015\projects\opengl\voronoi\voronoi3d\voronoi3d\point.hpp(128): warning C4244: 'argument': conversion from 'int' to 'float', possible loss of data
c:\users\michael\documents\visual studio 2015\projects\opengl\voronoi\voronoi3d\voronoi3d\graph.hpp(51): warning C4018: '<': signed/unsigned mismatch
c:\users\michael\documents\visual studio 2015\projects\opengl\voronoi\voronoi3d\voronoi3d\graph.hpp(56): warning C4018: '<': signed/unsigned mismatch
c:\users\michael\documents\visual studio 2015\projects\opengl\voronoi\voronoi3d\voronoi3d\envinc.hpp(108): warning C4018: '<': signed/unsigned mismatch
c:\users\michael\documents\visual studio 2015\projects\opengl\voronoi\voronoi3d\voronoi3d\envinc.hpp(112): warning C4018: '<': signed/unsigned mismatch
c:\users\michael\documents\visual studio 2015\projects\opengl\voronoi\voronoi3d\voronoi3d\envinc.hpp(116): warning C4018: '<': signed/unsigned mismatch
c:\users\michael\documents\visual studio 2015\projects\opengl\voronoi\voronoi3d\voronoi3d\envinc.hpp(148): warning C4018: '<': signed/unsigned mismatch
c:\users\michael\documents\visual studio 2015\projects\opengl\voronoi\voronoi3d\voronoi3d\envinc.hpp(157): warning C4018: '<': signed/unsigned mismatch
c:\users\michael\documents\visual studio 2015\projects\opengl\voronoi\voronoi3d\voronoi3d\envinc.hpp(171): warning C4018: '<': signed/unsigned mismatch
c:\users\michael\documents\visual studio 2015\projects\opengl\voronoi\voronoi3d\voronoi3d\envinc.hpp(188): warning C4018: '<': signed/unsigned mismatch
c:\users\michael\documents\visual studio 2015\projects\opengl\voronoi\voronoi3d\voronoi3d\envinc.hpp(199): warning C4018: '<': signed/unsigned mismatch
c:\users\michael\documents\visual studio 2015\projects\opengl\voronoi\voronoi3d\voronoi3d\envinc.hpp(252): warning C4018: '<': signed/unsigned mismatch
c:\users\michael\documents\visual studio 2015\projects\opengl\voronoi\voronoi3d\voronoi3d\envinc.hpp(277): warning C4018: '<': signed/unsigned mismatch
c:\users\michael\documents\visual studio 2015\projects\opengl\voronoi\voronoi3d\voronoi3d\envinc.hpp(322): warning C4018: '<': signed/unsigned mismatch
c:\users\michael\documents\visual studio 2015\projects\opengl\voronoi\voronoi3d\voronoi3d\envinc.hpp(340): warning C4018: '<': signed/unsigned mismatch
c:\users\michael\documents\visual studio 2015\projects\opengl\voronoi\voronoi3d\voronoi3d\envinc.hpp(368): warning C4018: '<': signed/unsigned mismatch
c:\users\michael\documents\visual studio 2015\projects\opengl\voronoi\voronoi3d\voronoi3d\envinc.hpp(371): warning C4018: '<': signed/unsigned mismatch
c:\users\michael\documents\visual studio 2015\projects\opengl\voronoi\voronoi3d\voronoi3d\envinc.hpp(460): warning C4018: '<': signed/unsigned mismatch
c:\users\michael\documents\visual studio 2015\projects\opengl\voronoi\voronoi3d\voronoi3d\envinc.hpp(469): warning C4018: '<': signed/unsigned mismatch
c:\users\michael\documents\visual studio 2015\projects\opengl\voronoi\voronoi3d\common\mat4.h(55): warning C4244: 'initializing': conversion from 'double' to 'float', possible loss of data
c:\users\michael\documents\visual studio 2015\projects\opengl\voronoi\voronoi3d\common\mat4.h(65): warning C4244: 'initializing': conversion from 'double' to 'float', possible loss of data
c:\users\michael\documents\visual studio 2015\projects\opengl\voronoi\voronoi3d\common\mat4.h(75): warning C4244: 'initializing': conversion from 'double' to 'float', possible loss of data
c:\users\michael\documents\visual studio 2015\projects\opengl\voronoi\voronoi3d\common\mat4.h(85): warning C4244: 'initializing': conversion from 'double' to 'float', possible loss of data
c:\users\michael\documents\visual studio 2015\projects\opengl\voronoi\voronoi3d\common\mat4.h(86): warning C4244: 'initializing': conversion from 'double' to 'float', possible loss of data
c:\users\michael\documents\visual studio 2015\projects\opengl\voronoi\voronoi3d\common\mat4.h(112): warning C4244: 'initializing': conversion from 'double' to 'float', possible loss of data
c:\program files (x86)\windows kits\10\include\10.0.10240.0\ucrt\math.h(1001): warning C4005: 'M_PI': macro redefinition
  c:\users\michael\documents\visual studio 2015\projects\opengl\voronoi\voronoi3d\common\mat4.h(12): note: see previous definition of 'M_PI'
c:\users\michael\documents\visual studio 2015\projects\opengl\voronoi\voronoi3d\voronoi3d\main.cpp(54): warning C4018: '<': signed/unsigned mismatch
c:\users\michael\documents\visual studio 2015\projects\opengl\voronoi\voronoi3d\voronoi3d\main.cpp(110): warning C4018: '<': signed/unsigned mismatch
c:\users\michael\documents\visual studio 2015\projects\opengl\voronoi\voronoi3d\voronoi3d\main.cpp(125): warning C4018: '<': signed/unsigned mismatch
c:\users\michael\documents\visual studio 2015\projects\opengl\voronoi\voronoi3d\voronoi3d\main.cpp(269): warning C4244: 'initializing': conversion from 'int' to 'float', possible loss of data
  EsgiShader.cpp
  Generating Code...
c:\users\michael\documents\visual studio 2015\projects\opengl\voronoi\voronoi3d\voronoi3d\envinc.hpp(485): warning C4715: 'EnvInc::getRandomInsidePoint': not all control paths return a value
  Voronoi3D.vcxproj -> C:\Users\Michael\Documents\Visual Studio 2015\Projects\OpenGL\Debug\Voronoi3D.exe
  Voronoi3D.vcxproj -> C:\Users\Michael\Documents\Visual Studio 2015\Projects\OpenGL\Debug\Voronoi3D.pdb (Full PDB)
