  main.cpp
c:\users\michael\documents\visual studio 2015\projects\opengl\voronoi\envinc3d\envinc3d\camera.hpp(22): warning C4244: 'initializing': conversion from 'float' to 'int', possible loss of data
c:\users\michael\documents\visual studio 2015\projects\opengl\voronoi\envinc3d\envinc3d\camera.hpp(23): warning C4244: 'initializing': conversion from 'float' to 'int', possible loss of data
c:\users\michael\documents\visual studio 2015\projects\opengl\voronoi\envinc3d\envinc3d\controller.hpp(15): warning C4244: 'return': conversion from 'double' to 'float', possible loss of data
c:\users\michael\documents\visual studio 2015\projects\opengl\voronoi\envinc3d\envinc3d\controller.hpp(19): warning C4244: 'return': conversion from 'double' to 'float', possible loss of data
c:\users\michael\documents\visual studio 2015\projects\opengl\voronoi\envinc3d\envinc3d\point.hpp(53): warning C4018: '<': signed/unsigned mismatch
c:\users\michael\documents\visual studio 2015\projects\opengl\voronoi\envinc3d\envinc3d\point.hpp(95): warning C4018: '<': signed/unsigned mismatch
c:\users\michael\documents\visual studio 2015\projects\opengl\voronoi\envinc3d\envinc3d\graph.hpp(50): warning C4018: '<': signed/unsigned mismatch
c:\users\michael\documents\visual studio 2015\projects\opengl\voronoi\envinc3d\envinc3d\graph.hpp(125): warning C4018: '<': signed/unsigned mismatch
c:\users\michael\documents\visual studio 2015\projects\opengl\voronoi\envinc3d\envinc3d\graph.hpp(134): warning C4018: '<': signed/unsigned mismatch
c:\users\michael\documents\visual studio 2015\projects\opengl\voronoi\envinc3d\envinc3d\graph.hpp(139): warning C4018: '<': signed/unsigned mismatch
c:\users\michael\documents\visual studio 2015\projects\opengl\voronoi\envinc3d\common\mat4.h(55): warning C4244: 'initializing': conversion from 'double' to 'float', possible loss of data
c:\users\michael\documents\visual studio 2015\projects\opengl\voronoi\envinc3d\common\mat4.h(65): warning C4244: 'initializing': conversion from 'double' to 'float', possible loss of data
c:\users\michael\documents\visual studio 2015\projects\opengl\voronoi\envinc3d\common\mat4.h(75): warning C4244: 'initializing': conversion from 'double' to 'float', possible loss of data
c:\users\michael\documents\visual studio 2015\projects\opengl\voronoi\envinc3d\common\mat4.h(85): warning C4244: 'initializing': conversion from 'double' to 'float', possible loss of data
c:\users\michael\documents\visual studio 2015\projects\opengl\voronoi\envinc3d\common\mat4.h(86): warning C4244: 'initializing': conversion from 'double' to 'float', possible loss of data
c:\users\michael\documents\visual studio 2015\projects\opengl\voronoi\envinc3d\common\mat4.h(112): warning C4244: 'initializing': conversion from 'double' to 'float', possible loss of data
c:\program files (x86)\windows kits\10\include\10.0.10240.0\ucrt\math.h(1001): warning C4005: 'M_PI': macro redefinition
  c:\users\michael\documents\visual studio 2015\projects\opengl\voronoi\envinc3d\common\mat4.h(12): note: see previous definition of 'M_PI'
c:\users\michael\documents\visual studio 2015\projects\opengl\voronoi\envinc3d\envinc3d\main.cpp(62): warning C4018: '<': signed/unsigned mismatch
c:\users\michael\documents\visual studio 2015\projects\opengl\voronoi\envinc3d\envinc3d\main.cpp(210): warning C4244: 'initializing': conversion from 'int' to 'float', possible loss of data
  EnvInc3D.vcxproj -> C:\Users\Michael\Documents\Visual Studio 2015\Projects\OpenGL\Debug\EnvInc3D.exe
  EnvInc3D.vcxproj -> C:\Users\Michael\Documents\Visual Studio 2015\Projects\OpenGL\Debug\EnvInc3D.pdb (Full PDB)
