  main.cpp
c:\users\michael\documents\visual studio 2015\projects\opengl\math-bezier\extrusion\common\mat4.h(55): warning C4244: 'initializing': conversion from 'double' to 'float', possible loss of data
c:\users\michael\documents\visual studio 2015\projects\opengl\math-bezier\extrusion\common\mat4.h(65): warning C4244: 'initializing': conversion from 'double' to 'float', possible loss of data
c:\users\michael\documents\visual studio 2015\projects\opengl\math-bezier\extrusion\common\mat4.h(75): warning C4244: 'initializing': conversion from 'double' to 'float', possible loss of data
c:\users\michael\documents\visual studio 2015\projects\opengl\math-bezier\extrusion\common\mat4.h(85): warning C4244: 'initializing': conversion from 'double' to 'float', possible loss of data
c:\users\michael\documents\visual studio 2015\projects\opengl\math-bezier\extrusion\common\mat4.h(86): warning C4244: 'initializing': conversion from 'double' to 'float', possible loss of data
c:\users\michael\documents\visual studio 2015\projects\opengl\math-bezier\extrusion\common\mat4.h(112): warning C4244: 'initializing': conversion from 'double' to 'float', possible loss of data
c:\program files (x86)\windows kits\10\include\10.0.10240.0\ucrt\math.h(1001): warning C4005: 'M_PI': macro redefinition
  c:\users\michael\documents\visual studio 2015\projects\opengl\math-bezier\extrusion\common\mat4.h(12): note: see previous definition of 'M_PI'
c:\users\michael\documents\visual studio 2015\projects\opengl\math-bezier\extrusion\objetbasique3d\main.cpp(108): warning C4244: 'initializing': conversion from 'float' to 'int', possible loss of data
c:\users\michael\documents\visual studio 2015\projects\opengl\math-bezier\extrusion\objetbasique3d\main.cpp(109): warning C4244: 'initializing': conversion from 'float' to 'int', possible loss of data
c:\users\michael\documents\visual studio 2015\projects\opengl\math-bezier\extrusion\objetbasique3d\main.cpp(205): warning C4244: '=': conversion from 'double' to 'int', possible loss of data
c:\users\michael\documents\visual studio 2015\projects\opengl\math-bezier\extrusion\objetbasique3d\main.cpp(255): warning C4305: '=': truncation from 'double' to 'float'
c:\users\michael\documents\visual studio 2015\projects\opengl\math-bezier\extrusion\objetbasique3d\main.cpp(310): warning C4244: 'argument': conversion from 'int' to 'float', possible loss of data
c:\users\michael\documents\visual studio 2015\projects\opengl\math-bezier\extrusion\objetbasique3d\main.cpp(431): warning C4244: 'initializing': conversion from 'int' to 'float', possible loss of data
c:\users\michael\documents\visual studio 2015\projects\opengl\math-bezier\extrusion\objetbasique3d\main.cpp(494): warning C4018: '<': signed/unsigned mismatch
c:\users\michael\documents\visual studio 2015\projects\opengl\math-bezier\extrusion\objetbasique3d\main.cpp(505): warning C4018: '<': signed/unsigned mismatch
c:\users\michael\documents\visual studio 2015\projects\opengl\math-bezier\extrusion\objetbasique3d\main.cpp(523): warning C4244: 'return': conversion from 'double' to 'float', possible loss of data
c:\users\michael\documents\visual studio 2015\projects\opengl\math-bezier\extrusion\objetbasique3d\main.cpp(527): warning C4244: 'return': conversion from 'double' to 'float', possible loss of data
c:\users\michael\documents\visual studio 2015\projects\opengl\math-bezier\extrusion\objetbasique3d\main.cpp(688): warning C4244: '=': conversion from 'double' to 'float', possible loss of data
c:\users\michael\documents\visual studio 2015\projects\opengl\math-bezier\extrusion\objetbasique3d\main.cpp(691): warning C4244: '=': conversion from 'double' to 'float', possible loss of data
c:\users\michael\documents\visual studio 2015\projects\opengl\math-bezier\extrusion\objetbasique3d\main.cpp(708): warning C4018: '<': signed/unsigned mismatch
c:\users\michael\documents\visual studio 2015\projects\opengl\math-bezier\extrusion\objetbasique3d\main.cpp(723): warning C4018: '<': signed/unsigned mismatch
c:\users\michael\documents\visual studio 2015\projects\opengl\math-bezier\extrusion\objetbasique3d\main.cpp(768): warning C4244: '=': conversion from 'int' to 'float', possible loss of data
c:\users\michael\documents\visual studio 2015\projects\opengl\math-bezier\extrusion\objetbasique3d\main.cpp(769): warning C4244: '=': conversion from 'int' to 'float', possible loss of data
c:\users\michael\documents\visual studio 2015\projects\opengl\math-bezier\extrusion\objetbasique3d\main.cpp(793): warning C4018: '<': signed/unsigned mismatch
c:\users\michael\documents\visual studio 2015\projects\opengl\math-bezier\extrusion\objetbasique3d\main.cpp(800): warning C4018: '<=': signed/unsigned mismatch
c:\users\michael\documents\visual studio 2015\projects\opengl\math-bezier\extrusion\objetbasique3d\main.cpp(802): warning C4018: '<=': signed/unsigned mismatch
c:\users\michael\documents\visual studio 2015\projects\opengl\math-bezier\extrusion\objetbasique3d\main.cpp(963): warning C4018: '<': signed/unsigned mismatch
  ObjetBasique3D.vcxproj -> C:\Users\Michael\Documents\Visual Studio 2015\Projects\OpenGL\Debug\Extrusion.exe
  ObjetBasique3D.vcxproj -> C:\Users\Michael\Documents\Visual Studio 2015\Projects\OpenGL\Debug\Extrusion.pdb (Full PDB)
