C:\Program Files (x86)\MSBuild\Microsoft.Cpp\v4.0\V140\Microsoft.CppBuild.targets(392,5): warning MSB8028: The intermediate directory (Debug\) contains files shared from another project (EnvInc3D.vcxproj).  This can lead to incorrect clean and rebuild behavior.
  main.cpp
c:\users\user\documents\github\beziersurface\patchbezier\patchbezier\camera.hpp(22): warning C4244: 'initializing': conversion from 'float' to 'int', possible loss of data
c:\users\user\documents\github\beziersurface\patchbezier\patchbezier\camera.hpp(23): warning C4244: 'initializing': conversion from 'float' to 'int', possible loss of data
c:\users\user\documents\github\beziersurface\patchbezier\patchbezier\point.hpp(78): warning C4018: '<': signed/unsigned mismatch
c:\users\user\documents\github\beziersurface\patchbezier\patchbezier\point.hpp(115): warning C4018: '<': signed/unsigned mismatch
c:\users\user\documents\github\beziersurface\patchbezier\patchbezier\patch.hpp(14): warning C4244: 'return': conversion from 'double' to 'float', possible loss of data
c:\users\user\documents\github\beziersurface\patchbezier\patchbezier\patch.hpp(18): warning C4244: 'return': conversion from 'double' to 'float', possible loss of data
c:\users\user\documents\github\beziersurface\patchbezier\patchbezier\patch.hpp(36): warning C4244: 'argument': conversion from 'double' to 'unsigned int', possible loss of data
c:\users\user\documents\github\beziersurface\patchbezier\patchbezier\patch.hpp(50): warning C4244: 'argument': conversion from 'int' to 'float', possible loss of data
c:\users\user\documents\github\beziersurface\patchbezier\patchbezier\patch.hpp(57): warning C4244: 'argument': conversion from 'double' to 'unsigned int', possible loss of data
c:\users\user\documents\github\beziersurface\patchbezier\common\mat4.h(55): warning C4244: 'initializing': conversion from 'double' to 'float', possible loss of data
c:\users\user\documents\github\beziersurface\patchbezier\common\mat4.h(65): warning C4244: 'initializing': conversion from 'double' to 'float', possible loss of data
c:\users\user\documents\github\beziersurface\patchbezier\common\mat4.h(75): warning C4244: 'initializing': conversion from 'double' to 'float', possible loss of data
c:\users\user\documents\github\beziersurface\patchbezier\common\mat4.h(85): warning C4244: 'initializing': conversion from 'double' to 'float', possible loss of data
c:\users\user\documents\github\beziersurface\patchbezier\common\mat4.h(86): warning C4244: 'initializing': conversion from 'double' to 'float', possible loss of data
c:\users\user\documents\github\beziersurface\patchbezier\common\mat4.h(112): warning C4244: 'initializing': conversion from 'double' to 'float', possible loss of data
c:\program files (x86)\windows kits\10\include\10.0.10240.0\ucrt\math.h(1001): warning C4005: 'M_PI': macro redefinition
  c:\users\user\documents\github\beziersurface\patchbezier\common\mat4.h(12): note: see previous definition of 'M_PI'
c:\users\user\documents\github\beziersurface\patchbezier\patchbezier\main.cpp(88): warning C4018: '<': signed/unsigned mismatch
c:\users\user\documents\github\beziersurface\patchbezier\patchbezier\main.cpp(118): warning C4018: '<': signed/unsigned mismatch
c:\users\user\documents\github\beziersurface\patchbezier\patchbezier\main.cpp(229): warning C4018: '<': signed/unsigned mismatch
c:\users\user\documents\github\beziersurface\patchbezier\patchbezier\main.cpp(295): warning C4018: '<': signed/unsigned mismatch
c:\users\user\documents\github\beziersurface\patchbezier\patchbezier\main.cpp(297): warning C4018: '<': signed/unsigned mismatch
c:\users\user\documents\github\beziersurface\patchbezier\patchbezier\main.cpp(345): warning C4244: 'argument': conversion from 'double' to 'GLsizeiptr', possible loss of data
c:\users\user\documents\github\beziersurface\patchbezier\patchbezier\main.cpp(380): warning C4018: '<': signed/unsigned mismatch
c:\users\user\documents\github\beziersurface\patchbezier\patchbezier\main.cpp(382): warning C4018: '<': signed/unsigned mismatch
c:\users\user\documents\github\beziersurface\patchbezier\patchbezier\main.cpp(400): warning C4244: 'argument': conversion from 'double' to 'GLsizeiptr', possible loss of data
c:\users\user\documents\github\beziersurface\patchbezier\patchbezier\main.cpp(453): warning C4244: 'initializing': conversion from 'int' to 'float', possible loss of data
c:\users\user\documents\github\beziersurface\patchbezier\patchbezier\main.cpp(518): warning C4244: 'argument': conversion from 'double' to 'GLsizei', possible loss of data
c:\users\user\documents\github\beziersurface\patchbezier\patchbezier\main.cpp(599): warning C4244: 'initializing': conversion from 'double' to 'unsigned int', possible loss of data
c:\users\user\documents\github\beziersurface\patchbezier\patchbezier\main.cpp(601): warning C4244: 'initializing': conversion from 'double' to 'int', possible loss of data
c:\users\user\documents\github\beziersurface\patchbezier\patchbezier\main.cpp(602): warning C4018: '<': signed/unsigned mismatch
  EnvInc3D.vcxproj -> C:\Users\User\Documents\GitHub\BezierSurface\PatchBezier\PatchBezier\Debug\PatchBezier.exe
