c:\users\maxim\desktop\esgi\5a\maths pour l'info\voronoi\patchbezier\patchbezier\debug\vc140.pdb
c:\users\maxim\desktop\esgi\5a\maths pour l'info\voronoi\patchbezier\patchbezier\debug\vc140.idb
c:\users\maxim\desktop\esgi\5a\maths pour l'info\voronoi\patchbezier\patchbezier\debug\main.obj
c:\users\maxim\desktop\esgi\5a\maths pour l'info\voronoi\patchbezier\patchbezier\debug\esgishader.obj
c:\users\michael\documents\visual studio 2015\projects\opengl\voronoi\patchbezier\patchbezier\debug\vc140.pdb
c:\users\michael\documents\visual studio 2015\projects\opengl\voronoi\patchbezier\patchbezier\debug\vc140.idb
c:\users\michael\documents\visual studio 2015\projects\opengl\voronoi\patchbezier\patchbezier\debug\esgishader.obj
c:\users\michael\documents\visual studio 2015\projects\opengl\voronoi\patchbezier\patchbezier\debug\main.obj
c:\users\maxim\desktop\esgi\5a\maths pour l'info\voronoi\patchbezier\patchbezier\debug\patchbezier.ilk
c:\users\maxim\desktop\esgi\5a\maths pour l'info\voronoi\patchbezier\patchbezier\debug\patchbezier.exe
c:\users\maxim\desktop\esgi\5a\maths pour l'info\voronoi\patchbezier\patchbezier\debug\patchbezier.pdb
c:\users\michael\documents\visual studio 2015\projects\opengl\voronoi\patchbezier\patchbezier\debug\envinc3d.ilk
c:\users\michael\documents\visual studio 2015\projects\opengl\voronoi\patchbezier\patchbezier\debug\patchbezier.ilk
c:\users\michael\documents\visual studio 2015\projects\opengl\voronoi\patchbezier\patchbezier\debug\envinc3d.pdb
c:\users\michael\documents\visual studio 2015\projects\opengl\voronoi\patchbezier\patchbezier\debug\patchbezier.pdb
c:\users\michael\documents\visual studio 2015\projects\opengl\debug\patchbezier.pdb
c:\users\michael\documents\visual studio 2015\projects\opengl\voronoi\patchbezier\patchbezier\debug\patchbezier.tlog\cl.command.1.tlog
c:\users\michael\documents\visual studio 2015\projects\opengl\voronoi\patchbezier\patchbezier\debug\patchbezier.tlog\cl.read.1.tlog
c:\users\michael\documents\visual studio 2015\projects\opengl\voronoi\patchbezier\patchbezier\debug\patchbezier.tlog\cl.write.1.tlog
c:\users\michael\documents\visual studio 2015\projects\opengl\voronoi\patchbezier\patchbezier\debug\patchbezier.tlog\link.command.1.tlog
c:\users\michael\documents\visual studio 2015\projects\opengl\voronoi\patchbezier\patchbezier\debug\patchbezier.tlog\link.read.1.tlog
c:\users\michael\documents\visual studio 2015\projects\opengl\voronoi\patchbezier\patchbezier\debug\patchbezier.tlog\link.write.1.tlog
