C:\Program Files (x86)\MSBuild\Microsoft.Cpp\v4.0\V140\Microsoft.CppBuild.targets(392,5): warning MSB8028: The intermediate directory (Debug\) contains files shared from another project (Bezier.vcxproj).  This can lead to incorrect clean and rebuild behavior.
  Fonctions.cpp
c:\users\théo\desktop\divers\cours_esgi\math\voronoi\envconv2d\fonctions.cpp(25): warning C4244: 'initialisation' : conversion de 'float' en 'int', perte possible de données
c:\users\théo\desktop\divers\cours_esgi\math\voronoi\envconv2d\fonctions.cpp(26): warning C4244: 'initialisation' : conversion de 'float' en 'int', perte possible de données
c:\users\théo\desktop\divers\cours_esgi\math\voronoi\envconv2d\fonctions.cpp(27): warning C4244: 'return' : conversion de 'double' en 'int', perte possible de données
c:\users\théo\desktop\divers\cours_esgi\math\voronoi\envconv2d\fonctions.cpp(59): warning C4018: '<' : incompatibilité signed/unsigned
c:\users\théo\desktop\divers\cours_esgi\math\voronoi\envconv2d\fonctions.cpp(10): warning C4244: 'initialisation' : conversion de 'float' en 'int', perte possible de données
  c:\users\théo\desktop\divers\cours_esgi\math\voronoi\envconv2d\fonctions.cpp(72): note: voir la référence à l'instanciation de la fonction modèle 'glm::vec2 makeVector<Point2D>(TPoint,TPoint)' en cours de compilation
          with
          [
              TPoint=Point2D
          ]
c:\users\théo\desktop\divers\cours_esgi\math\voronoi\envconv2d\fonctions.cpp(11): warning C4244: 'initialisation' : conversion de 'float' en 'int', perte possible de données
c:\users\théo\desktop\divers\cours_esgi\math\voronoi\envconv2d\fonctions.cpp(39): warning C4244: 'initialisation' : conversion de 'float' en 'int', perte possible de données
  c:\users\théo\desktop\divers\cours_esgi\math\voronoi\envconv2d\fonctions.cpp(80): note: voir la référence à l'instanciation de la fonction modèle 'double angleVec<Point2D>(glm::vec2,TPoint,TPoint)' en cours de compilation
          with
          [
              TPoint=Point2D
          ]
c:\users\théo\desktop\divers\cours_esgi\math\voronoi\envconv2d\fonctions.cpp(18): warning C4244: 'initialisation' : conversion de 'float' en 'int', perte possible de données
  c:\users\théo\desktop\divers\cours_esgi\math\voronoi\envconv2d\fonctions.cpp(81): note: voir la référence à l'instanciation de la fonction modèle 'int normVector<Point2D>(TPoint,TPoint)' en cours de compilation
          with
          [
              TPoint=Point2D
          ]
c:\users\théo\desktop\divers\cours_esgi\math\voronoi\envconv2d\fonctions.cpp(19): warning C4244: 'initialisation' : conversion de 'float' en 'int', perte possible de données
c:\users\théo\desktop\divers\cours_esgi\math\voronoi\envconv2d\fonctions.cpp(20): warning C4244: 'return' : conversion de 'double' en 'int', perte possible de données
  EnvConv2D.vcxproj -> C:\Users\Théo\Desktop\divers\Cours_Esgi\Math\Voronoi\EnvConv2D\Debug\EnvConv2D.exe
